<?xml version="1.0" encoding="UTF-8"?>
<!-- Generated by org.testng.reporters.JUnitXMLReporter -->
<testsuite ignored="0" hostname="Sony-PC" failures="1" tests="1" name="Test" time="67.265" errors="0" timestamp="09 Jul 2019 21:39:29 GMT">
  <testcase classname="com.automationpractice.TestScripts.WorkFlow" name="workFlow" time="41.348">
    <failure type="java.lang.AssertionError" message="Step 8 expected [true] but found [false]">
      <![CDATA[java.lang.AssertionError: Step 8 expected [true] but found [false]
at com.automationpractice.TestScripts.WorkFlow.workFlow(WorkFlow.java:91)
... Removed 28 stack frames]]>
    </failure>
  </testcase> <!-- workFlow -->
</testsuite> <!-- Test -->
